<?xml version="1.0" encoding="UTF-8"?>
<testsuite name="engine.calculator.CalculatorTest" tests="471" skipped="0" failures="3" errors="0" timestamp="2017-08-29T07:42:52" hostname="Poornis-Mac-pro.local" time="423.696">
  <properties/>
  <testcase name="addTest[0](1, 2, 3)" classname="engine.calculator.CalculatorTest" time="10.248"/>
  <testcase name="addTest[1](4, 6, 10)" classname="engine.calculator.CalculatorTest" time="10.107"/>
  <testcase name="addTest[2](7, 10, 17)" classname="engine.calculator.CalculatorTest" time="10.149"/>
  <testcase name="addTest[3](1, 2, 3)" classname="engine.calculator.CalculatorTest" time="10.143"/>
  <testcase name="addTest[4](4, 6, 10)" classname="engine.calculator.CalculatorTest" time="10.142"/>
  <testcase name="addTest[5](7, 10, 17)" classname="engine.calculator.CalculatorTest" time="10.15"/>
  <testcase name="addTest[6](1, 2, 3)" classname="engine.calculator.CalculatorTest" time="10.149"/>
  <testcase name="addTest[7](4, 6, 10)" classname="engine.calculator.CalculatorTest" time="10.148"/>
  <testcase name="addTest[8](7, 10, 17)" classname="engine.calculator.CalculatorTest" time="10.15"/>
  <testcase name="addTest[9](1, 2, 3)" classname="engine.calculator.CalculatorTest" time="10.148"/>
  <testcase name="addTest[10](4, 6, 10)" classname="engine.calculator.CalculatorTest" time="10.142"/>
  <testcase name="addTest[11](7, 10, 17)" classname="engine.calculator.CalculatorTest" time="10.147"/>
  <testcase name="addTest[12](1, 2, 3)" classname="engine.calculator.CalculatorTest" time="10.149"/>
  <testcase name="addTest[13](4, 6, 10)" classname="engine.calculator.CalculatorTest" time="10.154"/>
  <testcase name="addTest[14](7, 10, 17)" classname="engine.calculator.CalculatorTest" time="10.151"/>
  <testcase name="addTest[15](1, 2, 3)" classname="engine.calculator.CalculatorTest" time="10.147"/>
  <testcase name="addTest[16](4, 6, 10)" classname="engine.calculator.CalculatorTest" time="10.148"/>
  <testcase name="addTest[17](7, 10, 17)" classname="engine.calculator.CalculatorTest" time="10.148"/>
  <testcase name="addTest[18](1, 2, 3)" classname="engine.calculator.CalculatorTest" time="10.142"/>
  <testcase name="addTest[19](4, 6, 10)" classname="engine.calculator.CalculatorTest" time="10.149"/>
  <testcase name="addTest[20](7, 10, 17)" classname="engine.calculator.CalculatorTest" time="10.145"/>
  <testcase name="addTest[21](1, 2, 3)" classname="engine.calculator.CalculatorTest" time="10.148"/>
  <testcase name="addTest[22](4, 6, 10)" classname="engine.calculator.CalculatorTest" time="10.149"/>
  <testcase name="addTest[23](7, 10, 17)" classname="engine.calculator.CalculatorTest" time="10.142"/>
  <testcase name="addTest[24](1, 2, 3)" classname="engine.calculator.CalculatorTest" time="10.146"/>
  <testcase name="addTest[25](4, 6, 10)" classname="engine.calculator.CalculatorTest" time="10.143"/>
  <testcase name="addTest[26](7, 10, 17)" classname="engine.calculator.CalculatorTest" time="10.148"/>
  <testcase name="addTest[27](1, 2, 3)" classname="engine.calculator.CalculatorTest" time="10.148"/>
  <testcase name="addTest[28](4, 6, 10)" classname="engine.calculator.CalculatorTest" time="10.145"/>
  <testcase name="addTest[29](7, 10, 17)" classname="engine.calculator.CalculatorTest" time="10.15"/>
  <testcase name="addTest[30](1, 2, 3)" classname="engine.calculator.CalculatorTest" time="10.145"/>
  <testcase name="addTest[31](4, 6, 10)" classname="engine.calculator.CalculatorTest" time="10.144"/>
  <testcase name="addTest[32](7, 10, 17)" classname="engine.calculator.CalculatorTest" time="10.151"/>
  <testcase name="addTest[33](1, 2, 3)" classname="engine.calculator.CalculatorTest" time="10.149"/>
  <testcase name="addTest[34](4, 6, 10)" classname="engine.calculator.CalculatorTest" time="10.151"/>
  <testcase name="addTest[35](7, 10, 17)" classname="engine.calculator.CalculatorTest" time="10.15"/>
  <testcase name="addTest[36](1, 2, 3)" classname="engine.calculator.CalculatorTest" time="10.145"/>
  <testcase name="addTest[37](4, 6, 10)" classname="engine.calculator.CalculatorTest" time="10.151"/>
  <testcase name="addTest[38](7, 10, 17)" classname="engine.calculator.CalculatorTest" time="10.148"/>
  <testcase name="addTest[39](1, 2, 3)" classname="engine.calculator.CalculatorTest" time="10.151"/>
  <testcase name="addTest[40](4, 6, 10)" classname="engine.calculator.CalculatorTest" time="10.147"/>
  <testcase name="addTest[41](7, 10, 17)" classname="engine.calculator.CalculatorTest" time="6.277"/>
  <testcase name="addTest[42](1, 2, 3)" classname="engine.calculator.CalculatorTest" time="0.003"/>
  <testcase name="addTest[43](4, 6, 10)" classname="engine.calculator.CalculatorTest" time="0.002"/>
  <testcase name="addTest[44](7, 10, 17)" classname="engine.calculator.CalculatorTest" time="0.003"/>
  <testcase name="addTest[45](1, 2, 3)" classname="engine.calculator.CalculatorTest" time="0.001"/>
  <testcase name="addTest[46](4, 6, 10)" classname="engine.calculator.CalculatorTest" time="0.001"/>
  <testcase name="addTest[47](7, 10, 17)" classname="engine.calculator.CalculatorTest" time="0.002"/>
  <testcase name="addTest[48](1, 2, 3)" classname="engine.calculator.CalculatorTest" time="0.002"/>
  <testcase name="addTest[49](4, 6, 10)" classname="engine.calculator.CalculatorTest" time="0.002"/>
  <testcase name="addTest[50](7, 10, 17)" classname="engine.calculator.CalculatorTest" time="0.001"/>
  <testcase name="addTest[51](1, 2, 3)" classname="engine.calculator.CalculatorTest" time="0.002"/>
  <testcase name="addTest[52](4, 6, 10)" classname="engine.calculator.CalculatorTest" time="0.001"/>
  <testcase name="addTest[53](7, 10, 17)" classname="engine.calculator.CalculatorTest" time="0.001"/>
  <testcase name="addTest[54](1, 2, 3)" classname="engine.calculator.CalculatorTest" time="0.001"/>
  <testcase name="addTest[55](4, 6, 10)" classname="engine.calculator.CalculatorTest" time="0.003"/>
  <testcase name="addTest[56](7, 10, 17)" classname="engine.calculator.CalculatorTest" time="0.001"/>
  <testcase name="addTest[57](1, 2, 3)" classname="engine.calculator.CalculatorTest" time="0.001"/>
  <testcase name="addTest[58](4, 6, 10)" classname="engine.calculator.CalculatorTest" time="0.002"/>
  <testcase name="addTest[59](7, 10, 17)" classname="engine.calculator.CalculatorTest" time="0.002"/>
  <testcase name="addTest[60](1, 2, 3)" classname="engine.calculator.CalculatorTest" time="0.003"/>
  <testcase name="addTest[61](4, 6, 10)" classname="engine.calculator.CalculatorTest" time="0.002"/>
  <testcase name="addTest[62](7, 10, 17)" classname="engine.calculator.CalculatorTest" time="0.002"/>
  <testcase name="addTest[63](1, 2, 3)" classname="engine.calculator.CalculatorTest" time="0.003"/>
  <testcase name="addTest[64](4, 6, 10)" classname="engine.calculator.CalculatorTest" time="0.001"/>
  <testcase name="addTest[65](7, 10, 17)" classname="engine.calculator.CalculatorTest" time="0.001"/>
  <testcase name="addTest[66](1, 2, 3)" classname="engine.calculator.CalculatorTest" time="0.006"/>
  <testcase name="addTest[67](4, 6, 10)" classname="engine.calculator.CalculatorTest" time="0.002"/>
  <testcase name="addTest[68](7, 10, 17)" classname="engine.calculator.CalculatorTest" time="0.001"/>
  <testcase name="addTest[69](1, 2, 3)" classname="engine.calculator.CalculatorTest" time="0.001"/>
  <testcase name="addTest[70](4, 6, 10)" classname="engine.calculator.CalculatorTest" time="0.001"/>
  <testcase name="addTest[71](7, 10, 17)" classname="engine.calculator.CalculatorTest" time="0.002"/>
  <testcase name="addTest[72](1, 2, 3)" classname="engine.calculator.CalculatorTest" time="0.005"/>
  <testcase name="addTest[73](4, 6, 10)" classname="engine.calculator.CalculatorTest" time="0.001"/>
  <testcase name="addTest[74](7, 10, 17)" classname="engine.calculator.CalculatorTest" time="0.002"/>
  <testcase name="addTest[75](1, 2, 3)" classname="engine.calculator.CalculatorTest" time="0.002"/>
  <testcase name="addTest[76](4, 6, 10)" classname="engine.calculator.CalculatorTest" time="0.002"/>
  <testcase name="addTest[77](7, 10, 17)" classname="engine.calculator.CalculatorTest" time="0.003"/>
  <testcase name="addTest[78](1, 2, 3)" classname="engine.calculator.CalculatorTest" time="0.002"/>
  <testcase name="addTest[79](4, 6, 10)" classname="engine.calculator.CalculatorTest" time="0.002"/>
  <testcase name="addTest[80](7, 10, 17)" classname="engine.calculator.CalculatorTest" time="0.002"/>
  <testcase name="addTest[81](1, 2, 3)" classname="engine.calculator.CalculatorTest" time="0.002"/>
  <testcase name="addTest[82](4, 6, 10)" classname="engine.calculator.CalculatorTest" time="0.001"/>
  <testcase name="addTest[83](7, 10, 17)" classname="engine.calculator.CalculatorTest" time="0.001"/>
  <testcase name="addTest[84](1, 2, 3)" classname="engine.calculator.CalculatorTest" time="0.002"/>
  <testcase name="addTest[85](4, 6, 10)" classname="engine.calculator.CalculatorTest" time="0.002"/>
  <testcase name="addTest[86](7, 10, 17)" classname="engine.calculator.CalculatorTest" time="0.002"/>
  <testcase name="addTest[87](1, 2, 3)" classname="engine.calculator.CalculatorTest" time="0.002"/>
  <testcase name="addTest[88](4, 6, 10)" classname="engine.calculator.CalculatorTest" time="0.001"/>
  <testcase name="addTest[89](7, 10, 17)" classname="engine.calculator.CalculatorTest" time="0.001"/>
  <testcase name="addTest[90](1, 2, 3)" classname="engine.calculator.CalculatorTest" time="0.001"/>
  <testcase name="addTest[91](4, 6, 10)" classname="engine.calculator.CalculatorTest" time="0.002"/>
  <testcase name="addTest[92](7, 10, 17)" classname="engine.calculator.CalculatorTest" time="0.001"/>
  <testcase name="addTest[93](1, 2, 3)" classname="engine.calculator.CalculatorTest" time="0.001"/>
  <testcase name="addTest[94](4, 6, 10)" classname="engine.calculator.CalculatorTest" time="0.001"/>
  <testcase name="addTest[95](7, 10, 17)" classname="engine.calculator.CalculatorTest" time="0.002"/>
  <testcase name="addTest[96](1, 2, 3)" classname="engine.calculator.CalculatorTest" time="0.002"/>
  <testcase name="addTest[97](4, 6, 10)" classname="engine.calculator.CalculatorTest" time="0.002"/>
  <testcase name="addTest[98](7, 10, 17)" classname="engine.calculator.CalculatorTest" time="0.001"/>
  <testcase name="addTest[99](1, 2, 3)" classname="engine.calculator.CalculatorTest" time="0.001"/>
  <testcase name="addTest[100](4, 6, 10)" classname="engine.calculator.CalculatorTest" time="0.003"/>
  <testcase name="addTest[101](7, 10, 17)" classname="engine.calculator.CalculatorTest" time="0.003"/>
  <testcase name="addTest[102](1, 2, 3)" classname="engine.calculator.CalculatorTest" time="0.002"/>
  <testcase name="addTest[103](4, 6, 10)" classname="engine.calculator.CalculatorTest" time="0.001"/>
  <testcase name="addTest[104](7, 10, 17)" classname="engine.calculator.CalculatorTest" time="0.002"/>
  <testcase name="addTest[105](1, 2, 3)" classname="engine.calculator.CalculatorTest" time="0.001"/>
  <testcase name="addTest[106](4, 6, 10)" classname="engine.calculator.CalculatorTest" time="0.001"/>
  <testcase name="addTest[107](7, 10, 17)" classname="engine.calculator.CalculatorTest" time="0.002"/>
  <testcase name="addTest[108](1, 2, 3)" classname="engine.calculator.CalculatorTest" time="0.002"/>
  <testcase name="addTest[109](4, 6, 10)" classname="engine.calculator.CalculatorTest" time="0.002"/>
  <testcase name="addTest[110](7, 10, 17)" classname="engine.calculator.CalculatorTest" time="0.001"/>
  <testcase name="addTest[111](1, 2, 3)" classname="engine.calculator.CalculatorTest" time="0.001"/>
  <testcase name="addTest[112](4, 6, 10)" classname="engine.calculator.CalculatorTest" time="0.001"/>
  <testcase name="addTest[113](7, 10, 17)" classname="engine.calculator.CalculatorTest" time="0.001"/>
  <testcase name="addTest[114](1, 2, 3)" classname="engine.calculator.CalculatorTest" time="0.001"/>
  <testcase name="addTest[115](4, 6, 10)" classname="engine.calculator.CalculatorTest" time="0.001"/>
  <testcase name="addTest[116](7, 10, 17)" classname="engine.calculator.CalculatorTest" time="0.004"/>
  <testcase name="addTest[117](1, 2, 3)" classname="engine.calculator.CalculatorTest" time="0.009"/>
  <testcase name="addTest[118](4, 6, 10)" classname="engine.calculator.CalculatorTest" time="0.007"/>
  <testcase name="addTest[119](7, 10, 17)" classname="engine.calculator.CalculatorTest" time="0.003"/>
  <testcase name="addTest[120](1, 2, 3)" classname="engine.calculator.CalculatorTest" time="0.002"/>
  <testcase name="addTest[121](4, 6, 10)" classname="engine.calculator.CalculatorTest" time="0.001"/>
  <testcase name="addTest[122](7, 10, 17)" classname="engine.calculator.CalculatorTest" time="0.002"/>
  <testcase name="addTest[123](1, 2, 3)" classname="engine.calculator.CalculatorTest" time="0.002"/>
  <testcase name="addTest[124](4, 6, 10)" classname="engine.calculator.CalculatorTest" time="0.003"/>
  <testcase name="addTest[125](7, 10, 17)" classname="engine.calculator.CalculatorTest" time="0.005"/>
  <testcase name="addTest[126](1, 2, 3)" classname="engine.calculator.CalculatorTest" time="0.002"/>
  <testcase name="addTest[127](4, 6, 10)" classname="engine.calculator.CalculatorTest" time="0.014"/>
  <testcase name="addTest[128](7, 10, 17)" classname="engine.calculator.CalculatorTest" time="0.003"/>
  <testcase name="addTest[129](1, 2, 3)" classname="engine.calculator.CalculatorTest" time="0.003"/>
  <testcase name="addTest[130](4, 6, 10)" classname="engine.calculator.CalculatorTest" time="0.002"/>
  <testcase name="addTest[131](7, 10, 17)" classname="engine.calculator.CalculatorTest" time="0.003"/>
  <testcase name="addTest[132](1, 2, 3)" classname="engine.calculator.CalculatorTest" time="0.002"/>
  <testcase name="addTest[133](4, 6, 10)" classname="engine.calculator.CalculatorTest" time="0.003"/>
  <testcase name="addTest[134](7, 10, 17)" classname="engine.calculator.CalculatorTest" time="0.002"/>
  <testcase name="addTest[135](1, 2, 3)" classname="engine.calculator.CalculatorTest" time="0.002"/>
  <testcase name="addTest[136](4, 6, 10)" classname="engine.calculator.CalculatorTest" time="0.002"/>
  <testcase name="addTest[137](7, 10, 17)" classname="engine.calculator.CalculatorTest" time="0.002"/>
  <testcase name="addTest[138](1, 2, 3)" classname="engine.calculator.CalculatorTest" time="0.003"/>
  <testcase name="addTest[139](4, 6, 10)" classname="engine.calculator.CalculatorTest" time="0.001"/>
  <testcase name="addTest[140](7, 10, 17)" classname="engine.calculator.CalculatorTest" time="0.001"/>
  <testcase name="addTest[141](1, 2, 3)" classname="engine.calculator.CalculatorTest" time="0.001"/>
  <testcase name="addTest[142](4, 6, 10)" classname="engine.calculator.CalculatorTest" time="0.002"/>
  <testcase name="addTest[143](7, 10, 17)" classname="engine.calculator.CalculatorTest" time="0.003"/>
  <testcase name="addTest[144](1, 2, 3)" classname="engine.calculator.CalculatorTest" time="0.002"/>
  <testcase name="addTest[145](4, 6, 10)" classname="engine.calculator.CalculatorTest" time="0.001"/>
  <testcase name="addTest[146](7, 10, 17)" classname="engine.calculator.CalculatorTest" time="0.001"/>
  <testcase name="addTest[147](1, 2, 3)" classname="engine.calculator.CalculatorTest" time="0.002"/>
  <testcase name="addTest[148](4, 6, 10)" classname="engine.calculator.CalculatorTest" time="0.022"/>
  <testcase name="addTest[149](7, 10, 17)" classname="engine.calculator.CalculatorTest" time="0.002"/>
  <testcase name="addTest[150](1, 2, 3)" classname="engine.calculator.CalculatorTest" time="0.003"/>
  <testcase name="addTest[151](4, 6, 10)" classname="engine.calculator.CalculatorTest" time="0.002"/>
  <testcase name="addTest[152](7, 10, 17)" classname="engine.calculator.CalculatorTest" time="0.002"/>
  <testcase name="addTest[153](1, 2, 3)" classname="engine.calculator.CalculatorTest" time="0.002"/>
  <testcase name="addTest[154](4, 6, 10)" classname="engine.calculator.CalculatorTest" time="0.007"/>
  <testcase name="addTest[155](7, 10, 17)" classname="engine.calculator.CalculatorTest" time="0.011"/>
  <testcase name="addTest[156](1, 2, 3)" classname="engine.calculator.CalculatorTest" time="0.005"/>
  <testcase name="addTest[157](4, 6, 10)" classname="engine.calculator.CalculatorTest" time="0.001"/>
  <testcase name="addTest[158](7, 10, 17)" classname="engine.calculator.CalculatorTest" time="0.002"/>
  <testcase name="addTest[159](1, 2, 3)" classname="engine.calculator.CalculatorTest" time="0.002"/>
  <testcase name="addTest[160](4, 6, 10)" classname="engine.calculator.CalculatorTest" time="0.003"/>
  <testcase name="addTest[161](7, 10, 17)" classname="engine.calculator.CalculatorTest" time="0.004"/>
  <testcase name="addTest[162](1, 2, 3)" classname="engine.calculator.CalculatorTest" time="0.002"/>
  <testcase name="addTest[163](4, 6, 10)" classname="engine.calculator.CalculatorTest" time="0.001"/>
  <testcase name="addTest[164](7, 10, 17)" classname="engine.calculator.CalculatorTest" time="0.001"/>
  <testcase name="addTest[165](1, 2, 3)" classname="engine.calculator.CalculatorTest" time="0.002"/>
  <testcase name="addTest[166](4, 6, 10)" classname="engine.calculator.CalculatorTest" time="0.002"/>
  <testcase name="addTest[167](7, 10, 17)" classname="engine.calculator.CalculatorTest" time="0.001"/>
  <testcase name="addTest[168](1, 2, 3)" classname="engine.calculator.CalculatorTest" time="0.003"/>
  <testcase name="addTest[169](4, 6, 10)" classname="engine.calculator.CalculatorTest" time="0.002"/>
  <testcase name="addTest[170](7, 10, 17)" classname="engine.calculator.CalculatorTest" time="0.002"/>
  <testcase name="addTest[171](1, 2, 3)" classname="engine.calculator.CalculatorTest" time="0.002"/>
  <testcase name="addTest[172](4, 6, 10)" classname="engine.calculator.CalculatorTest" time="0.008"/>
  <testcase name="addTest[173](7, 10, 17)" classname="engine.calculator.CalculatorTest" time="0.003"/>
  <testcase name="addTest[174](1, 2, 3)" classname="engine.calculator.CalculatorTest" time="0.004"/>
  <testcase name="addTest[175](4, 6, 10)" classname="engine.calculator.CalculatorTest" time="0.004"/>
  <testcase name="addTest[176](7, 10, 17)" classname="engine.calculator.CalculatorTest" time="0.001"/>
  <testcase name="addTest[177](1, 2, 3)" classname="engine.calculator.CalculatorTest" time="0.002"/>
  <testcase name="addTest[178](4, 6, 10)" classname="engine.calculator.CalculatorTest" time="0.007"/>
  <testcase name="addTest[179](7, 10, 17)" classname="engine.calculator.CalculatorTest" time="0.003"/>
  <testcase name="addTest[180](1, 2, 3)" classname="engine.calculator.CalculatorTest" time="0.003"/>
  <testcase name="addTest[181](4, 6, 10)" classname="engine.calculator.CalculatorTest" time="0.002"/>
  <testcase name="addTest[182](7, 10, 17)" classname="engine.calculator.CalculatorTest" time="0.002"/>
  <testcase name="addTest[183](1, 2, 3)" classname="engine.calculator.CalculatorTest" time="0.003"/>
  <testcase name="addTest[184](4, 6, 10)" classname="engine.calculator.CalculatorTest" time="0.002"/>
  <testcase name="addTest[185](7, 10, 17)" classname="engine.calculator.CalculatorTest" time="0.002"/>
  <testcase name="addTest[186](1, 2, 3)" classname="engine.calculator.CalculatorTest" time="0.001"/>
  <testcase name="addTest[187](4, 6, 10)" classname="engine.calculator.CalculatorTest" time="0.001"/>
  <testcase name="addTest[188](7, 10, 17)" classname="engine.calculator.CalculatorTest" time="0.001"/>
  <testcase name="addTest[189](1, 2, 3)" classname="engine.calculator.CalculatorTest" time="0.001"/>
  <testcase name="addTest[190](4, 6, 10)" classname="engine.calculator.CalculatorTest" time="0.001"/>
  <testcase name="addTest[191](7, 10, 17)" classname="engine.calculator.CalculatorTest" time="0.002"/>
  <testcase name="addTest[192](1, 2, 3)" classname="engine.calculator.CalculatorTest" time="0.001"/>
  <testcase name="addTest[193](4, 6, 10)" classname="engine.calculator.CalculatorTest" time="0.003"/>
  <testcase name="addTest[194](7, 10, 17)" classname="engine.calculator.CalculatorTest" time="0.001"/>
  <testcase name="addTest[195](1, 2, 3)" classname="engine.calculator.CalculatorTest" time="0.001"/>
  <testcase name="addTest[196](4, 6, 10)" classname="engine.calculator.CalculatorTest" time="0.002"/>
  <testcase name="addTest[197](7, 10, 17)" classname="engine.calculator.CalculatorTest" time="0.001"/>
  <testcase name="addTest[198](1, 2, 3)" classname="engine.calculator.CalculatorTest" time="0.002"/>
  <testcase name="addTest[199](4, 6, 10)" classname="engine.calculator.CalculatorTest" time="0.002"/>
  <testcase name="addTest[200](7, 10, 17)" classname="engine.calculator.CalculatorTest" time="0.001"/>
  <testcase name="addTest[201](1, 2, 3)" classname="engine.calculator.CalculatorTest" time="0.006"/>
  <testcase name="addTest[202](4, 6, 10)" classname="engine.calculator.CalculatorTest" time="0.002"/>
  <testcase name="addTest[203](7, 10, 17)" classname="engine.calculator.CalculatorTest" time="0.003"/>
  <testcase name="addTest[204](1, 2, 3)" classname="engine.calculator.CalculatorTest" time="0.003"/>
  <testcase name="addTest[205](4, 6, 10)" classname="engine.calculator.CalculatorTest" time="0.001"/>
  <testcase name="addTest[206](7, 10, 17)" classname="engine.calculator.CalculatorTest" time="0.002"/>
  <testcase name="addTest[207](1, 2, 3)" classname="engine.calculator.CalculatorTest" time="0.001"/>
  <testcase name="addTest[208](4, 6, 10)" classname="engine.calculator.CalculatorTest" time="0.002"/>
  <testcase name="addTest[209](7, 10, 17)" classname="engine.calculator.CalculatorTest" time="0.003"/>
  <testcase name="addTest[210](1, 2, 3)" classname="engine.calculator.CalculatorTest" time="0.002"/>
  <testcase name="addTest[211](4, 6, 10)" classname="engine.calculator.CalculatorTest" time="0.002"/>
  <testcase name="addTest[212](7, 10, 17)" classname="engine.calculator.CalculatorTest" time="0.002"/>
  <testcase name="addTest[213](1, 2, 3)" classname="engine.calculator.CalculatorTest" time="0.002"/>
  <testcase name="addTest[214](4, 6, 10)" classname="engine.calculator.CalculatorTest" time="0.011"/>
  <testcase name="addTest[215](7, 10, 17)" classname="engine.calculator.CalculatorTest" time="0.001"/>
  <testcase name="addTest[216](1, 2, 3)" classname="engine.calculator.CalculatorTest" time="0.002"/>
  <testcase name="addTest[217](4, 6, 10)" classname="engine.calculator.CalculatorTest" time="0.001"/>
  <testcase name="addTest[218](7, 10, 17)" classname="engine.calculator.CalculatorTest" time="0.001"/>
  <testcase name="addTest[219](1, 2, 3)" classname="engine.calculator.CalculatorTest" time="0.003"/>
  <testcase name="addTest[220](4, 6, 10)" classname="engine.calculator.CalculatorTest" time="0.001"/>
  <testcase name="addTest[221](7, 10, 17)" classname="engine.calculator.CalculatorTest" time="0.001"/>
  <testcase name="addTest[222](1, 2, 3)" classname="engine.calculator.CalculatorTest" time="0.001"/>
  <testcase name="addTest[223](4, 6, 10)" classname="engine.calculator.CalculatorTest" time="0.003"/>
  <testcase name="addTest[224](7, 10, 17)" classname="engine.calculator.CalculatorTest" time="0.002"/>
  <testcase name="addTest[225](1, 2, 3)" classname="engine.calculator.CalculatorTest" time="0.003"/>
  <testcase name="addTest[226](4, 6, 10)" classname="engine.calculator.CalculatorTest" time="0.003"/>
  <testcase name="addTest[227](7, 10, 17)" classname="engine.calculator.CalculatorTest" time="0.001"/>
  <testcase name="addTest[228](1, 2, 3)" classname="engine.calculator.CalculatorTest" time="0.001"/>
  <testcase name="addTest[229](4, 6, 10)" classname="engine.calculator.CalculatorTest" time="0.002"/>
  <testcase name="addTest[230](7, 10, 17)" classname="engine.calculator.CalculatorTest" time="0.001"/>
  <testcase name="addTest[231](1, 2, 3)" classname="engine.calculator.CalculatorTest" time="0.003"/>
  <testcase name="addTest[232](4, 6, 10)" classname="engine.calculator.CalculatorTest" time="0.001"/>
  <testcase name="addTest[233](7, 10, 17)" classname="engine.calculator.CalculatorTest" time="0.002"/>
  <testcase name="addTest[234](1, 2, 3)" classname="engine.calculator.CalculatorTest" time="0.001"/>
  <testcase name="addTest[235](4, 6, 10)" classname="engine.calculator.CalculatorTest" time="0.001"/>
  <testcase name="addTest[236](7, 10, 17)" classname="engine.calculator.CalculatorTest" time="0.001"/>
  <testcase name="addTest[237](1, 2, 3)" classname="engine.calculator.CalculatorTest" time="0.003"/>
  <testcase name="addTest[238](4, 6, 10)" classname="engine.calculator.CalculatorTest" time="0.002"/>
  <testcase name="addTest[239](7, 10, 17)" classname="engine.calculator.CalculatorTest" time="0.003"/>
  <testcase name="addTest[240](1, 2, 3)" classname="engine.calculator.CalculatorTest" time="0.002"/>
  <testcase name="addTest[241](4, 6, 10)" classname="engine.calculator.CalculatorTest" time="0.001"/>
  <testcase name="addTest[242](7, 10, 17)" classname="engine.calculator.CalculatorTest" time="0.002"/>
  <testcase name="addTest[243](1, 2, 3)" classname="engine.calculator.CalculatorTest" time="0.001"/>
  <testcase name="addTest[244](4, 6, 10)" classname="engine.calculator.CalculatorTest" time="0.001"/>
  <testcase name="addTest[245](7, 10, 17)" classname="engine.calculator.CalculatorTest" time="0.002"/>
  <testcase name="addTest[246](1, 2, 3)" classname="engine.calculator.CalculatorTest" time="0.001"/>
  <testcase name="addTest[247](4, 6, 10)" classname="engine.calculator.CalculatorTest" time="0.001"/>
  <testcase name="addTest[248](7, 10, 17)" classname="engine.calculator.CalculatorTest" time="0.002"/>
  <testcase name="addTest[249](1, 2, 3)" classname="engine.calculator.CalculatorTest" time="0.002"/>
  <testcase name="addTest[250](4, 6, 10)" classname="engine.calculator.CalculatorTest" time="0.001"/>
  <testcase name="addTest[251](7, 10, 17)" classname="engine.calculator.CalculatorTest" time="0.001"/>
  <testcase name="addTest[252](1, 2, 3)" classname="engine.calculator.CalculatorTest" time="0.002"/>
  <testcase name="addTest[253](4, 6, 10)" classname="engine.calculator.CalculatorTest" time="0.001"/>
  <testcase name="addTest[254](7, 10, 17)" classname="engine.calculator.CalculatorTest" time="0.001"/>
  <testcase name="addTest[255](1, 2, 3)" classname="engine.calculator.CalculatorTest" time="0.002"/>
  <testcase name="addTest[256](4, 6, 10)" classname="engine.calculator.CalculatorTest" time="0.001"/>
  <testcase name="addTest[257](7, 10, 17)" classname="engine.calculator.CalculatorTest" time="0.001"/>
  <testcase name="addTest[258](1, 2, 3)" classname="engine.calculator.CalculatorTest" time="0.001"/>
  <testcase name="addTest[259](4, 6, 10)" classname="engine.calculator.CalculatorTest" time="0.002"/>
  <testcase name="addTest[260](7, 10, 17)" classname="engine.calculator.CalculatorTest" time="0.0"/>
  <testcase name="addTest[261](1, 2, 3)" classname="engine.calculator.CalculatorTest" time="0.001"/>
  <testcase name="addTest[262](4, 6, 10)" classname="engine.calculator.CalculatorTest" time="0.001"/>
  <testcase name="addTest[263](7, 10, 17)" classname="engine.calculator.CalculatorTest" time="0.001"/>
  <testcase name="addTest[264](1, 2, 3)" classname="engine.calculator.CalculatorTest" time="0.002"/>
  <testcase name="addTest[265](4, 6, 10)" classname="engine.calculator.CalculatorTest" time="0.002"/>
  <testcase name="addTest[266](7, 10, 17)" classname="engine.calculator.CalculatorTest" time="0.001"/>
  <testcase name="addTest[267](1, 2, 3)" classname="engine.calculator.CalculatorTest" time="0.001"/>
  <testcase name="addTest[268](4, 6, 10)" classname="engine.calculator.CalculatorTest" time="0.001"/>
  <testcase name="addTest[269](7, 10, 17)" classname="engine.calculator.CalculatorTest" time="0.001"/>
  <testcase name="addTest[270](1, 2, 3)" classname="engine.calculator.CalculatorTest" time="0.001"/>
  <testcase name="addTest[271](4, 6, 10)" classname="engine.calculator.CalculatorTest" time="0.001"/>
  <testcase name="addTest[272](7, 10, 17)" classname="engine.calculator.CalculatorTest" time="0.002"/>
  <testcase name="addTest[273](1, 2, 3)" classname="engine.calculator.CalculatorTest" time="0.001"/>
  <testcase name="addTest[274](4, 6, 10)" classname="engine.calculator.CalculatorTest" time="0.001"/>
  <testcase name="addTest[275](7, 10, 17)" classname="engine.calculator.CalculatorTest" time="0.001"/>
  <testcase name="addTest[276](1, 2, 3)" classname="engine.calculator.CalculatorTest" time="0.001"/>
  <testcase name="addTest[277](4, 6, 10)" classname="engine.calculator.CalculatorTest" time="0.001"/>
  <testcase name="addTest[278](7, 10, 17)" classname="engine.calculator.CalculatorTest" time="0.001"/>
  <testcase name="addTest[279](1, 2, 3)" classname="engine.calculator.CalculatorTest" time="0.001"/>
  <testcase name="addTest[280](4, 6, 10)" classname="engine.calculator.CalculatorTest" time="0.002"/>
  <testcase name="addTest[281](7, 10, 17)" classname="engine.calculator.CalculatorTest" time="0.002"/>
  <testcase name="addTest[282](1, 2, 3)" classname="engine.calculator.CalculatorTest" time="0.002"/>
  <testcase name="addTest[283](4, 6, 10)" classname="engine.calculator.CalculatorTest" time="0.001"/>
  <testcase name="addTest[284](7, 10, 17)" classname="engine.calculator.CalculatorTest" time="0.001"/>
  <testcase name="addTest[285](1, 2, 3)" classname="engine.calculator.CalculatorTest" time="0.001"/>
  <testcase name="addTest[286](4, 6, 10)" classname="engine.calculator.CalculatorTest" time="0.002"/>
  <testcase name="addTest[287](7, 10, 17)" classname="engine.calculator.CalculatorTest" time="0.001"/>
  <testcase name="addTest[288](1, 2, 3)" classname="engine.calculator.CalculatorTest" time="0.001"/>
  <testcase name="addTest[289](4, 6, 10)" classname="engine.calculator.CalculatorTest" time="0.001"/>
  <testcase name="addTest[290](7, 10, 17)" classname="engine.calculator.CalculatorTest" time="0.001"/>
  <testcase name="addTest[291](1, 2, 3)" classname="engine.calculator.CalculatorTest" time="0.003"/>
  <testcase name="addTest[292](4, 6, 10)" classname="engine.calculator.CalculatorTest" time="0.001"/>
  <testcase name="addTest[293](7, 10, 17)" classname="engine.calculator.CalculatorTest" time="0.001"/>
  <testcase name="addTest[294](1, 2, 3)" classname="engine.calculator.CalculatorTest" time="0.001"/>
  <testcase name="addTest[295](4, 6, 10)" classname="engine.calculator.CalculatorTest" time="0.002"/>
  <testcase name="addTest[296](7, 10, 17)" classname="engine.calculator.CalculatorTest" time="0.001"/>
  <testcase name="addTest[297](1, 2, 3)" classname="engine.calculator.CalculatorTest" time="0.003"/>
  <testcase name="addTest[298](4, 6, 10)" classname="engine.calculator.CalculatorTest" time="0.003"/>
  <testcase name="addTest[299](7, 10, 17)" classname="engine.calculator.CalculatorTest" time="0.001"/>
  <testcase name="addTest[300](1, 2, 3)" classname="engine.calculator.CalculatorTest" time="0.001"/>
  <testcase name="addTest[301](4, 6, 10)" classname="engine.calculator.CalculatorTest" time="0.003"/>
  <testcase name="addTest[302](7, 10, 17)" classname="engine.calculator.CalculatorTest" time="0.001"/>
  <testcase name="addTest[303](1, 2, 3)" classname="engine.calculator.CalculatorTest" time="0.001"/>
  <testcase name="addTest[304](4, 6, 10)" classname="engine.calculator.CalculatorTest" time="0.001"/>
  <testcase name="addTest[305](7, 10, 17)" classname="engine.calculator.CalculatorTest" time="0.001"/>
  <testcase name="addTest[306](1, 2, 3)" classname="engine.calculator.CalculatorTest" time="0.001"/>
  <testcase name="addTest[307](4, 6, 10)" classname="engine.calculator.CalculatorTest" time="0.001"/>
  <testcase name="addTest[308](7, 10, 17)" classname="engine.calculator.CalculatorTest" time="0.001"/>
  <testcase name="addTest[309](1, 2, 3)" classname="engine.calculator.CalculatorTest" time="0.001"/>
  <testcase name="addTest[310](4, 6, 10)" classname="engine.calculator.CalculatorTest" time="0.001"/>
  <testcase name="addTest[311](7, 10, 17)" classname="engine.calculator.CalculatorTest" time="0.001"/>
  <testcase name="addTest[312](1, 2, 3)" classname="engine.calculator.CalculatorTest" time="0.001"/>
  <testcase name="addTest[313](4, 6, 10)" classname="engine.calculator.CalculatorTest" time="0.001"/>
  <testcase name="addTest[314](7, 10, 17)" classname="engine.calculator.CalculatorTest" time="0.001"/>
  <testcase name="addTest[315](1, 2, 3)" classname="engine.calculator.CalculatorTest" time="0.003"/>
  <testcase name="addTest[316](4, 6, 10)" classname="engine.calculator.CalculatorTest" time="0.002"/>
  <testcase name="addTest[317](7, 10, 17)" classname="engine.calculator.CalculatorTest" time="0.001"/>
  <testcase name="addTest[318](1, 2, 3)" classname="engine.calculator.CalculatorTest" time="0.0"/>
  <testcase name="addTest[319](4, 6, 10)" classname="engine.calculator.CalculatorTest" time="0.002"/>
  <testcase name="addTest[320](7, 10, 17)" classname="engine.calculator.CalculatorTest" time="0.001"/>
  <testcase name="addTest[321](1, 2, 3)" classname="engine.calculator.CalculatorTest" time="0.001"/>
  <testcase name="addTest[322](4, 6, 10)" classname="engine.calculator.CalculatorTest" time="0.001"/>
  <testcase name="addTest[323](7, 10, 17)" classname="engine.calculator.CalculatorTest" time="0.001"/>
  <testcase name="addTest[324](1, 2, 3)" classname="engine.calculator.CalculatorTest" time="0.001"/>
  <testcase name="addTest[325](4, 6, 10)" classname="engine.calculator.CalculatorTest" time="0.002"/>
  <testcase name="addTest[326](7, 10, 17)" classname="engine.calculator.CalculatorTest" time="0.001"/>
  <testcase name="addTest[327](1, 2, 3)" classname="engine.calculator.CalculatorTest" time="0.001"/>
  <testcase name="addTest[328](4, 6, 10)" classname="engine.calculator.CalculatorTest" time="0.001"/>
  <testcase name="addTest[329](7, 10, 17)" classname="engine.calculator.CalculatorTest" time="0.0"/>
  <testcase name="addTest[330](1, 2, 3)" classname="engine.calculator.CalculatorTest" time="0.002"/>
  <testcase name="addTest[331](4, 6, 10)" classname="engine.calculator.CalculatorTest" time="0.001"/>
  <testcase name="addTest[332](7, 10, 17)" classname="engine.calculator.CalculatorTest" time="0.005"/>
  <testcase name="addTest[333](1, 2, 3)" classname="engine.calculator.CalculatorTest" time="0.001"/>
  <testcase name="addTest[334](4, 6, 10)" classname="engine.calculator.CalculatorTest" time="0.002"/>
  <testcase name="addTest[335](7, 10, 17)" classname="engine.calculator.CalculatorTest" time="0.001"/>
  <testcase name="addTest[336](1, 2, 3)" classname="engine.calculator.CalculatorTest" time="0.001"/>
  <testcase name="addTest[337](4, 6, 10)" classname="engine.calculator.CalculatorTest" time="0.001"/>
  <testcase name="addTest[338](7, 10, 17)" classname="engine.calculator.CalculatorTest" time="0.001"/>
  <testcase name="addTest[339](1, 2, 3)" classname="engine.calculator.CalculatorTest" time="0.001"/>
  <testcase name="addTest[340](4, 6, 10)" classname="engine.calculator.CalculatorTest" time="0.001"/>
  <testcase name="addTest[341](7, 10, 17)" classname="engine.calculator.CalculatorTest" time="0.001"/>
  <testcase name="addTest[342](1, 2, 3)" classname="engine.calculator.CalculatorTest" time="0.001"/>
  <testcase name="addTest[343](4, 6, 10)" classname="engine.calculator.CalculatorTest" time="0.001"/>
  <testcase name="addTest[344](7, 10, 17)" classname="engine.calculator.CalculatorTest" time="0.002"/>
  <testcase name="addTest[345](1, 2, 3)" classname="engine.calculator.CalculatorTest" time="0.002"/>
  <testcase name="addTest[346](4, 6, 10)" classname="engine.calculator.CalculatorTest" time="0.0"/>
  <testcase name="addTest[347](7, 10, 17)" classname="engine.calculator.CalculatorTest" time="0.001"/>
  <testcase name="addTest[348](1, 2, 3)" classname="engine.calculator.CalculatorTest" time="0.001"/>
  <testcase name="addTest[349](4, 6, 10)" classname="engine.calculator.CalculatorTest" time="0.0"/>
  <testcase name="addTest[350](7, 10, 17)" classname="engine.calculator.CalculatorTest" time="0.002"/>
  <testcase name="addTest[351](1, 2, 3)" classname="engine.calculator.CalculatorTest" time="0.002"/>
  <testcase name="addTest[352](4, 6, 10)" classname="engine.calculator.CalculatorTest" time="0.001"/>
  <testcase name="addTest[353](7, 10, 17)" classname="engine.calculator.CalculatorTest" time="0.001"/>
  <testcase name="addTest[354](1, 2, 3)" classname="engine.calculator.CalculatorTest" time="0.001"/>
  <testcase name="addTest[355](4, 6, 10)" classname="engine.calculator.CalculatorTest" time="0.002"/>
  <testcase name="addTest[356](7, 10, 17)" classname="engine.calculator.CalculatorTest" time="0.001"/>
  <testcase name="addTest[357](1, 2, 3)" classname="engine.calculator.CalculatorTest" time="0.001"/>
  <testcase name="addTest[358](4, 6, 10)" classname="engine.calculator.CalculatorTest" time="0.001"/>
  <testcase name="addTest[359](7, 10, 17)" classname="engine.calculator.CalculatorTest" time="0.001"/>
  <testcase name="addTest[360](1, 2, 3)" classname="engine.calculator.CalculatorTest" time="0.001"/>
  <testcase name="addTest[361](4, 6, 10)" classname="engine.calculator.CalculatorTest" time="0.001"/>
  <testcase name="addTest[362](7, 10, 17)" classname="engine.calculator.CalculatorTest" time="0.001"/>
  <testcase name="addTest[363](1, 2, 3)" classname="engine.calculator.CalculatorTest" time="0.002"/>
  <testcase name="addTest[364](4, 6, 10)" classname="engine.calculator.CalculatorTest" time="0.001"/>
  <testcase name="addTest[365](7, 10, 17)" classname="engine.calculator.CalculatorTest" time="0.001"/>
  <testcase name="addTest[366](1, 2, 3)" classname="engine.calculator.CalculatorTest" time="0.002"/>
  <testcase name="addTest[367](4, 6, 10)" classname="engine.calculator.CalculatorTest" time="0.002"/>
  <testcase name="addTest[368](7, 10, 17)" classname="engine.calculator.CalculatorTest" time="0.001"/>
  <testcase name="addTest[369](1, 2, 3)" classname="engine.calculator.CalculatorTest" time="0.001"/>
  <testcase name="addTest[370](4, 6, 10)" classname="engine.calculator.CalculatorTest" time="0.001"/>
  <testcase name="addTest[371](7, 10, 17)" classname="engine.calculator.CalculatorTest" time="0.002"/>
  <testcase name="addTest[372](1, 2, 3)" classname="engine.calculator.CalculatorTest" time="0.001"/>
  <testcase name="addTest[373](4, 6, 10)" classname="engine.calculator.CalculatorTest" time="0.001"/>
  <testcase name="addTest[374](7, 10, 17)" classname="engine.calculator.CalculatorTest" time="0.001"/>
  <testcase name="addTest[375](1, 2, 3)" classname="engine.calculator.CalculatorTest" time="0.002"/>
  <testcase name="addTest[376](4, 6, 10)" classname="engine.calculator.CalculatorTest" time="0.001"/>
  <testcase name="addTest[377](7, 10, 17)" classname="engine.calculator.CalculatorTest" time="0.001"/>
  <testcase name="addTest[378](1, 2, 3)" classname="engine.calculator.CalculatorTest" time="0.001"/>
  <testcase name="addTest[379](4, 6, 10)" classname="engine.calculator.CalculatorTest" time="0.002"/>
  <testcase name="addTest[380](7, 10, 17)" classname="engine.calculator.CalculatorTest" time="0.002"/>
  <testcase name="addTest[381](1, 2, 3)" classname="engine.calculator.CalculatorTest" time="0.002"/>
  <testcase name="addTest[382](4, 6, 10)" classname="engine.calculator.CalculatorTest" time="0.002"/>
  <testcase name="addTest[383](7, 10, 17)" classname="engine.calculator.CalculatorTest" time="0.003"/>
  <testcase name="addTest[384](1, 2, 3)" classname="engine.calculator.CalculatorTest" time="0.001"/>
  <testcase name="addTest[385](4, 6, 10)" classname="engine.calculator.CalculatorTest" time="0.001"/>
  <testcase name="addTest[386](7, 10, 17)" classname="engine.calculator.CalculatorTest" time="0.001"/>
  <testcase name="addTest[387](1, 2, 3)" classname="engine.calculator.CalculatorTest" time="0.002"/>
  <testcase name="addTest[388](4, 6, 10)" classname="engine.calculator.CalculatorTest" time="0.001"/>
  <testcase name="addTest[389](7, 10, 17)" classname="engine.calculator.CalculatorTest" time="0.001"/>
  <testcase name="addTest[390](1, 2, 3)" classname="engine.calculator.CalculatorTest" time="0.001"/>
  <testcase name="addTest[391](4, 6, 10)" classname="engine.calculator.CalculatorTest" time="0.001"/>
  <testcase name="addTest[392](7, 10, 17)" classname="engine.calculator.CalculatorTest" time="0.001"/>
  <testcase name="addTest[393](1, 2, 3)" classname="engine.calculator.CalculatorTest" time="0.002"/>
  <testcase name="addTest[394](4, 6, 10)" classname="engine.calculator.CalculatorTest" time="0.001"/>
  <testcase name="addTest[395](7, 10, 17)" classname="engine.calculator.CalculatorTest" time="0.001"/>
  <testcase name="addTest[396](1, 2, 3)" classname="engine.calculator.CalculatorTest" time="0.002"/>
  <testcase name="addTest[397](4, 6, 10)" classname="engine.calculator.CalculatorTest" time="0.002"/>
  <testcase name="addTest[398](7, 10, 17)" classname="engine.calculator.CalculatorTest" time="0.002"/>
  <testcase name="addTest[399](1, 2, 3)" classname="engine.calculator.CalculatorTest" time="0.003"/>
  <testcase name="addTest[400](4, 6, 10)" classname="engine.calculator.CalculatorTest" time="0.001"/>
  <testcase name="addTest[401](7, 10, 17)" classname="engine.calculator.CalculatorTest" time="0.001"/>
  <testcase name="addTest[402](1, 2, 3)" classname="engine.calculator.CalculatorTest" time="0.001"/>
  <testcase name="addTest[403](4, 6, 10)" classname="engine.calculator.CalculatorTest" time="0.001"/>
  <testcase name="addTest[404](7, 10, 17)" classname="engine.calculator.CalculatorTest" time="0.001"/>
  <testcase name="addTest[405](1, 2, 3)" classname="engine.calculator.CalculatorTest" time="0.001"/>
  <testcase name="addTest[406](4, 6, 10)" classname="engine.calculator.CalculatorTest" time="0.002"/>
  <testcase name="addTest[407](7, 10, 17)" classname="engine.calculator.CalculatorTest" time="0.002"/>
  <testcase name="addTest[408](1, 2, 3)" classname="engine.calculator.CalculatorTest" time="0.002"/>
  <testcase name="addTest[409](4, 6, 10)" classname="engine.calculator.CalculatorTest" time="0.004"/>
  <testcase name="addTest[410](7, 10, 17)" classname="engine.calculator.CalculatorTest" time="0.002"/>
  <testcase name="addTest[411](1, 2, 3)" classname="engine.calculator.CalculatorTest" time="0.002"/>
  <testcase name="addTest[412](4, 6, 10)" classname="engine.calculator.CalculatorTest" time="0.002"/>
  <testcase name="addTest[413](7, 10, 17)" classname="engine.calculator.CalculatorTest" time="0.001"/>
  <testcase name="addTest[414](1, 2, 3)" classname="engine.calculator.CalculatorTest" time="0.001"/>
  <testcase name="addTest[415](4, 6, 10)" classname="engine.calculator.CalculatorTest" time="0.001"/>
  <testcase name="addTest[416](7, 10, 17)" classname="engine.calculator.CalculatorTest" time="0.001"/>
  <testcase name="addTest[417](1, 2, 3)" classname="engine.calculator.CalculatorTest" time="0.001"/>
  <testcase name="addTest[418](4, 6, 10)" classname="engine.calculator.CalculatorTest" time="0.001"/>
  <testcase name="addTest[419](7, 10, 17)" classname="engine.calculator.CalculatorTest" time="0.001"/>
  <testcase name="addTest[420](1, 2, 3)" classname="engine.calculator.CalculatorTest" time="0.005"/>
  <testcase name="addTest[421](4, 6, 10)" classname="engine.calculator.CalculatorTest" time="0.001"/>
  <testcase name="addTest[422](7, 10, 17)" classname="engine.calculator.CalculatorTest" time="0.001"/>
  <testcase name="addTest[423](1, 2, 3)" classname="engine.calculator.CalculatorTest" time="0.001"/>
  <testcase name="addTest[424](4, 6, 10)" classname="engine.calculator.CalculatorTest" time="0.001"/>
  <testcase name="addTest[425](7, 10, 17)" classname="engine.calculator.CalculatorTest" time="0.002"/>
  <testcase name="addTest[426](1, 2, 3)" classname="engine.calculator.CalculatorTest" time="0.001"/>
  <testcase name="addTest[427](4, 6, 10)" classname="engine.calculator.CalculatorTest" time="0.001"/>
  <testcase name="addTest[428](7, 10, 17)" classname="engine.calculator.CalculatorTest" time="0.001"/>
  <testcase name="addTest[429](1, 2, 3)" classname="engine.calculator.CalculatorTest" time="0.001"/>
  <testcase name="addTest[430](4, 6, 10)" classname="engine.calculator.CalculatorTest" time="0.001"/>
  <testcase name="addTest[431](7, 10, 17)" classname="engine.calculator.CalculatorTest" time="0.001"/>
  <testcase name="addTest[432](1, 2, 3)" classname="engine.calculator.CalculatorTest" time="0.001"/>
  <testcase name="addTest[433](4, 6, 10)" classname="engine.calculator.CalculatorTest" time="0.001"/>
  <testcase name="addTest[434](7, 10, 17)" classname="engine.calculator.CalculatorTest" time="0.001"/>
  <testcase name="addTest[435](1, 2, 3)" classname="engine.calculator.CalculatorTest" time="0.001"/>
  <testcase name="addTest[436](4, 6, 10)" classname="engine.calculator.CalculatorTest" time="0.001"/>
  <testcase name="addTest[437](7, 10, 17)" classname="engine.calculator.CalculatorTest" time="0.002"/>
  <testcase name="addTest[438](1, 2, 3)" classname="engine.calculator.CalculatorTest" time="0.001"/>
  <testcase name="addTest[439](4, 6, 10)" classname="engine.calculator.CalculatorTest" time="0.001"/>
  <testcase name="addTest[440](7, 10, 17)" classname="engine.calculator.CalculatorTest" time="0.001"/>
  <testcase name="addTest[441](1, 2, 3)" classname="engine.calculator.CalculatorTest" time="0.001"/>
  <testcase name="addTest[442](4, 6, 10)" classname="engine.calculator.CalculatorTest" time="0.002"/>
  <testcase name="addTest[443](7, 10, 17)" classname="engine.calculator.CalculatorTest" time="0.001"/>
  <testcase name="addTest[444](1, 2, 3)" classname="engine.calculator.CalculatorTest" time="0.001"/>
  <testcase name="addTest[445](4, 6, 10)" classname="engine.calculator.CalculatorTest" time="0.001"/>
  <testcase name="addTest[446](7, 10, 17)" classname="engine.calculator.CalculatorTest" time="0.002"/>
  <testcase name="addTest[447](1, 2, 3)" classname="engine.calculator.CalculatorTest" time="0.001"/>
  <testcase name="addTest[448](4, 6, 10)" classname="engine.calculator.CalculatorTest" time="0.002"/>
  <testcase name="addTest[449](7, 10, 17)" classname="engine.calculator.CalculatorTest" time="0.002"/>
  <testcase name="addTest[450](1, 2, 3)" classname="engine.calculator.CalculatorTest" time="0.001"/>
  <testcase name="addTest[451](4, 6, 10)" classname="engine.calculator.CalculatorTest" time="0.003"/>
  <testcase name="addTest[452](7, 10, 17)" classname="engine.calculator.CalculatorTest" time="0.001"/>
  <testcase name="addTest[453](1, 2, 3)" classname="engine.calculator.CalculatorTest" time="0.001"/>
  <testcase name="addTest[454](4, 6, 10)" classname="engine.calculator.CalculatorTest" time="0.001"/>
  <testcase name="addTest[455](7, 10, 17)" classname="engine.calculator.CalculatorTest" time="0.001"/>
  <testcase name="addTest[456](1, 2, 3)" classname="engine.calculator.CalculatorTest" time="0.002"/>
  <testcase name="addTest[457](4, 6, 10)" classname="engine.calculator.CalculatorTest" time="0.001"/>
  <testcase name="addTest[458](7, 10, 17)" classname="engine.calculator.CalculatorTest" time="0.001"/>
  <testcase name="addTest[459](1, 2, 3)" classname="engine.calculator.CalculatorTest" time="0.001"/>
  <testcase name="addTest[460](4, 6, 10)" classname="engine.calculator.CalculatorTest" time="0.001"/>
  <testcase name="addTest[461](7, 10, 18)" classname="engine.calculator.CalculatorTest" time="0.004">
    <failure message="java.lang.AssertionError: expected [17] but found [18]" type="java.lang.AssertionError">java.lang.AssertionError: expected [17] but found [18]
	at org.testng.Assert.fail(Assert.java:94)
	at org.testng.Assert.failNotEquals(Assert.java:494)
	at org.testng.Assert.assertEquals(Assert.java:123)
	at org.testng.Assert.assertEquals(Assert.java:370)
	at org.testng.Assert.assertEquals(Assert.java:380)
	at engine.calculator.CalculatorTest.addTest(CalculatorTest.java:485)
	at sun.reflect.GeneratedMethodAccessor7.invoke(Unknown Source)
	at sun.reflect.DelegatingMethodAccessorImpl.invoke(DelegatingMethodAccessorImpl.java:43)
	at java.lang.reflect.Method.invoke(Method.java:498)
	at org.testng.internal.MethodInvocationHelper.invokeMethod(MethodInvocationHelper.java:80)
	at org.testng.internal.Invoker.invokeMethod(Invoker.java:714)
	at org.testng.internal.Invoker.invokeTestMethod(Invoker.java:901)
	at org.testng.internal.Invoker.invokeTestMethods(Invoker.java:1231)
	at org.testng.internal.TestMethodWorker.invokeTestMethods(TestMethodWorker.java:127)
	at org.testng.internal.TestMethodWorker.run(TestMethodWorker.java:111)
	at org.testng.TestRunner.privateRun(TestRunner.java:767)
	at org.testng.TestRunner.run(TestRunner.java:617)
	at org.testng.SuiteRunner.runTest(SuiteRunner.java:334)
	at org.testng.SuiteRunner.runSequentially(SuiteRunner.java:329)
	at org.testng.SuiteRunner.privateRun(SuiteRunner.java:291)
	at org.testng.SuiteRunner.run(SuiteRunner.java:240)
	at org.testng.SuiteRunnerWorker.runSuite(SuiteRunnerWorker.java:52)
	at org.testng.SuiteRunnerWorker.run(SuiteRunnerWorker.java:86)
	at org.testng.TestNG.runSuitesSequentially(TestNG.java:1198)
	at org.testng.TestNG.runSuitesLocally(TestNG.java:1123)
	at org.testng.TestNG.run(TestNG.java:1031)
	at org.gradle.api.internal.tasks.testing.testng.TestNGTestClassProcessor.runTests(TestNGTestClassProcessor.java:129)
	at org.gradle.api.internal.tasks.testing.testng.TestNGTestClassProcessor.stop(TestNGTestClassProcessor.java:88)
	at org.gradle.api.internal.tasks.testing.SuiteTestClassProcessor.stop(SuiteTestClassProcessor.java:61)
	at sun.reflect.NativeMethodAccessorImpl.invoke0(Native Method)
	at sun.reflect.NativeMethodAccessorImpl.invoke(NativeMethodAccessorImpl.java:62)
	at sun.reflect.DelegatingMethodAccessorImpl.invoke(DelegatingMethodAccessorImpl.java:43)
	at java.lang.reflect.Method.invoke(Method.java:498)
	at org.gradle.internal.dispatch.ReflectionDispatch.dispatch(ReflectionDispatch.java:35)
	at org.gradle.internal.dispatch.ReflectionDispatch.dispatch(ReflectionDispatch.java:24)
	at org.gradle.internal.dispatch.ContextClassLoaderDispatch.dispatch(ContextClassLoaderDispatch.java:32)
	at org.gradle.internal.dispatch.ProxyDispatchAdapter$DispatchingInvocationHandler.invoke(ProxyDispatchAdapter.java:93)
	at com.sun.proxy.$Proxy1.stop(Unknown Source)
	at org.gradle.api.internal.tasks.testing.worker.TestWorker.stop(TestWorker.java:120)
	at sun.reflect.NativeMethodAccessorImpl.invoke0(Native Method)
	at sun.reflect.NativeMethodAccessorImpl.invoke(NativeMethodAccessorImpl.java:62)
	at sun.reflect.DelegatingMethodAccessorImpl.invoke(DelegatingMethodAccessorImpl.java:43)
	at java.lang.reflect.Method.invoke(Method.java:498)
	at org.gradle.internal.dispatch.ReflectionDispatch.dispatch(ReflectionDispatch.java:35)
	at org.gradle.internal.dispatch.ReflectionDispatch.dispatch(ReflectionDispatch.java:24)
	at org.gradle.internal.remote.internal.hub.MessageHubBackedObjectConnection$DispatchWrapper.dispatch(MessageHubBackedObjectConnection.java:146)
	at org.gradle.internal.remote.internal.hub.MessageHubBackedObjectConnection$DispatchWrapper.dispatch(MessageHubBackedObjectConnection.java:128)
	at org.gradle.internal.remote.internal.hub.MessageHub$Handler.run(MessageHub.java:404)
	at org.gradle.internal.concurrent.ExecutorPolicy$CatchAndRecordFailures.onExecute(ExecutorPolicy.java:63)
	at org.gradle.internal.concurrent.StoppableExecutorImpl$1.run(StoppableExecutorImpl.java:46)
	at java.util.concurrent.ThreadPoolExecutor.runWorker(ThreadPoolExecutor.java:1149)
	at java.util.concurrent.ThreadPoolExecutor$Worker.run(ThreadPoolExecutor.java:624)
	at org.gradle.internal.concurrent.ThreadFactoryImpl$ManagedThreadRunnable.run(ThreadFactoryImpl.java:55)
	at java.lang.Thread.run(Thread.java:748)
</failure>
  </testcase>
  <testcase name="addTest[462](1, 2, 3)" classname="engine.calculator.CalculatorTest" time="0.004"/>
  <testcase name="addTest[463](4, 6, 10)" classname="engine.calculator.CalculatorTest" time="0.002"/>
  <testcase name="addTest[464](7, 10, 17)" classname="engine.calculator.CalculatorTest" time="0.002"/>
  <testcase name="addTest1[0](1, 2, 3)" classname="engine.calculator.CalculatorTest" time="0.001"/>
  <testcase name="addTest1[1](4, 6, 10)" classname="engine.calculator.CalculatorTest" time="0.001"/>
  <testcase name="addTest1[2](7, 10, 1)" classname="engine.calculator.CalculatorTest" time="0.001">
    <failure message="java.lang.AssertionError: expected [17] but found [1]" type="java.lang.AssertionError">java.lang.AssertionError: expected [17] but found [1]
	at org.testng.Assert.fail(Assert.java:94)
	at org.testng.Assert.failNotEquals(Assert.java:494)
	at org.testng.Assert.assertEquals(Assert.java:123)
	at org.testng.Assert.assertEquals(Assert.java:370)
	at org.testng.Assert.assertEquals(Assert.java:380)
	at engine.calculator.CalculatorTest.addTest1(CalculatorTest.java:496)
	at sun.reflect.NativeMethodAccessorImpl.invoke0(Native Method)
	at sun.reflect.NativeMethodAccessorImpl.invoke(NativeMethodAccessorImpl.java:62)
	at sun.reflect.DelegatingMethodAccessorImpl.invoke(DelegatingMethodAccessorImpl.java:43)
	at java.lang.reflect.Method.invoke(Method.java:498)
	at org.testng.internal.MethodInvocationHelper.invokeMethod(MethodInvocationHelper.java:80)
	at org.testng.internal.Invoker.invokeMethod(Invoker.java:714)
	at org.testng.internal.Invoker.invokeTestMethod(Invoker.java:901)
	at org.testng.internal.Invoker.invokeTestMethods(Invoker.java:1231)
	at org.testng.internal.TestMethodWorker.invokeTestMethods(TestMethodWorker.java:127)
	at org.testng.internal.TestMethodWorker.run(TestMethodWorker.java:111)
	at org.testng.TestRunner.privateRun(TestRunner.java:767)
	at org.testng.TestRunner.run(TestRunner.java:617)
	at org.testng.SuiteRunner.runTest(SuiteRunner.java:334)
	at org.testng.SuiteRunner.runSequentially(SuiteRunner.java:329)
	at org.testng.SuiteRunner.privateRun(SuiteRunner.java:291)
	at org.testng.SuiteRunner.run(SuiteRunner.java:240)
	at org.testng.SuiteRunnerWorker.runSuite(SuiteRunnerWorker.java:52)
	at org.testng.SuiteRunnerWorker.run(SuiteRunnerWorker.java:86)
	at org.testng.TestNG.runSuitesSequentially(TestNG.java:1198)
	at org.testng.TestNG.runSuitesLocally(TestNG.java:1123)
	at org.testng.TestNG.run(TestNG.java:1031)
	at org.gradle.api.internal.tasks.testing.testng.TestNGTestClassProcessor.runTests(TestNGTestClassProcessor.java:129)
	at org.gradle.api.internal.tasks.testing.testng.TestNGTestClassProcessor.stop(TestNGTestClassProcessor.java:88)
	at org.gradle.api.internal.tasks.testing.SuiteTestClassProcessor.stop(SuiteTestClassProcessor.java:61)
	at sun.reflect.NativeMethodAccessorImpl.invoke0(Native Method)
	at sun.reflect.NativeMethodAccessorImpl.invoke(NativeMethodAccessorImpl.java:62)
	at sun.reflect.DelegatingMethodAccessorImpl.invoke(DelegatingMethodAccessorImpl.java:43)
	at java.lang.reflect.Method.invoke(Method.java:498)
	at org.gradle.internal.dispatch.ReflectionDispatch.dispatch(ReflectionDispatch.java:35)
	at org.gradle.internal.dispatch.ReflectionDispatch.dispatch(ReflectionDispatch.java:24)
	at org.gradle.internal.dispatch.ContextClassLoaderDispatch.dispatch(ContextClassLoaderDispatch.java:32)
	at org.gradle.internal.dispatch.ProxyDispatchAdapter$DispatchingInvocationHandler.invoke(ProxyDispatchAdapter.java:93)
	at com.sun.proxy.$Proxy1.stop(Unknown Source)
	at org.gradle.api.internal.tasks.testing.worker.TestWorker.stop(TestWorker.java:120)
	at sun.reflect.NativeMethodAccessorImpl.invoke0(Native Method)
	at sun.reflect.NativeMethodAccessorImpl.invoke(NativeMethodAccessorImpl.java:62)
	at sun.reflect.DelegatingMethodAccessorImpl.invoke(DelegatingMethodAccessorImpl.java:43)
	at java.lang.reflect.Method.invoke(Method.java:498)
	at org.gradle.internal.dispatch.ReflectionDispatch.dispatch(ReflectionDispatch.java:35)
	at org.gradle.internal.dispatch.ReflectionDispatch.dispatch(ReflectionDispatch.java:24)
	at org.gradle.internal.remote.internal.hub.MessageHubBackedObjectConnection$DispatchWrapper.dispatch(MessageHubBackedObjectConnection.java:146)
	at org.gradle.internal.remote.internal.hub.MessageHubBackedObjectConnection$DispatchWrapper.dispatch(MessageHubBackedObjectConnection.java:128)
	at org.gradle.internal.remote.internal.hub.MessageHub$Handler.run(MessageHub.java:404)
	at org.gradle.internal.concurrent.ExecutorPolicy$CatchAndRecordFailures.onExecute(ExecutorPolicy.java:63)
	at org.gradle.internal.concurrent.StoppableExecutorImpl$1.run(StoppableExecutorImpl.java:46)
	at java.util.concurrent.ThreadPoolExecutor.runWorker(ThreadPoolExecutor.java:1149)
	at java.util.concurrent.ThreadPoolExecutor$Worker.run(ThreadPoolExecutor.java:624)
	at org.gradle.internal.concurrent.ThreadFactoryImpl$ManagedThreadRunnable.run(ThreadFactoryImpl.java:55)
	at java.lang.Thread.run(Thread.java:748)
</failure>
  </testcase>
  <testcase name="addTest2[0](1, 2, 3)" classname="engine.calculator.CalculatorTest" time="0.002"/>
  <testcase name="addTest2[1](4, 6, 10)" classname="engine.calculator.CalculatorTest" time="0.002"/>
  <testcase name="addTest2[2](7, 10, 1)" classname="engine.calculator.CalculatorTest" time="0.002">
    <failure message="java.lang.AssertionError: expected [17] but found [1]" type="java.lang.AssertionError">java.lang.AssertionError: expected [17] but found [1]
	at org.testng.Assert.fail(Assert.java:94)
	at org.testng.Assert.failNotEquals(Assert.java:494)
	at org.testng.Assert.assertEquals(Assert.java:123)
	at org.testng.Assert.assertEquals(Assert.java:370)
	at org.testng.Assert.assertEquals(Assert.java:380)
	at engine.calculator.CalculatorTest.addTest2(CalculatorTest.java:503)
	at sun.reflect.NativeMethodAccessorImpl.invoke0(Native Method)
	at sun.reflect.NativeMethodAccessorImpl.invoke(NativeMethodAccessorImpl.java:62)
	at sun.reflect.DelegatingMethodAccessorImpl.invoke(DelegatingMethodAccessorImpl.java:43)
	at java.lang.reflect.Method.invoke(Method.java:498)
	at org.testng.internal.MethodInvocationHelper.invokeMethod(MethodInvocationHelper.java:80)
	at org.testng.internal.Invoker.invokeMethod(Invoker.java:714)
	at org.testng.internal.Invoker.invokeTestMethod(Invoker.java:901)
	at org.testng.internal.Invoker.invokeTestMethods(Invoker.java:1231)
	at org.testng.internal.TestMethodWorker.invokeTestMethods(TestMethodWorker.java:127)
	at org.testng.internal.TestMethodWorker.run(TestMethodWorker.java:111)
	at org.testng.TestRunner.privateRun(TestRunner.java:767)
	at org.testng.TestRunner.run(TestRunner.java:617)
	at org.testng.SuiteRunner.runTest(SuiteRunner.java:334)
	at org.testng.SuiteRunner.runSequentially(SuiteRunner.java:329)
	at org.testng.SuiteRunner.privateRun(SuiteRunner.java:291)
	at org.testng.SuiteRunner.run(SuiteRunner.java:240)
	at org.testng.SuiteRunnerWorker.runSuite(SuiteRunnerWorker.java:52)
	at org.testng.SuiteRunnerWorker.run(SuiteRunnerWorker.java:86)
	at org.testng.TestNG.runSuitesSequentially(TestNG.java:1198)
	at org.testng.TestNG.runSuitesLocally(TestNG.java:1123)
	at org.testng.TestNG.run(TestNG.java:1031)
	at org.gradle.api.internal.tasks.testing.testng.TestNGTestClassProcessor.runTests(TestNGTestClassProcessor.java:129)
	at org.gradle.api.internal.tasks.testing.testng.TestNGTestClassProcessor.stop(TestNGTestClassProcessor.java:88)
	at org.gradle.api.internal.tasks.testing.SuiteTestClassProcessor.stop(SuiteTestClassProcessor.java:61)
	at sun.reflect.NativeMethodAccessorImpl.invoke0(Native Method)
	at sun.reflect.NativeMethodAccessorImpl.invoke(NativeMethodAccessorImpl.java:62)
	at sun.reflect.DelegatingMethodAccessorImpl.invoke(DelegatingMethodAccessorImpl.java:43)
	at java.lang.reflect.Method.invoke(Method.java:498)
	at org.gradle.internal.dispatch.ReflectionDispatch.dispatch(ReflectionDispatch.java:35)
	at org.gradle.internal.dispatch.ReflectionDispatch.dispatch(ReflectionDispatch.java:24)
	at org.gradle.internal.dispatch.ContextClassLoaderDispatch.dispatch(ContextClassLoaderDispatch.java:32)
	at org.gradle.internal.dispatch.ProxyDispatchAdapter$DispatchingInvocationHandler.invoke(ProxyDispatchAdapter.java:93)
	at com.sun.proxy.$Proxy1.stop(Unknown Source)
	at org.gradle.api.internal.tasks.testing.worker.TestWorker.stop(TestWorker.java:120)
	at sun.reflect.NativeMethodAccessorImpl.invoke0(Native Method)
	at sun.reflect.NativeMethodAccessorImpl.invoke(NativeMethodAccessorImpl.java:62)
	at sun.reflect.DelegatingMethodAccessorImpl.invoke(DelegatingMethodAccessorImpl.java:43)
	at java.lang.reflect.Method.invoke(Method.java:498)
	at org.gradle.internal.dispatch.ReflectionDispatch.dispatch(ReflectionDispatch.java:35)
	at org.gradle.internal.dispatch.ReflectionDispatch.dispatch(ReflectionDispatch.java:24)
	at org.gradle.internal.remote.internal.hub.MessageHubBackedObjectConnection$DispatchWrapper.dispatch(MessageHubBackedObjectConnection.java:146)
	at org.gradle.internal.remote.internal.hub.MessageHubBackedObjectConnection$DispatchWrapper.dispatch(MessageHubBackedObjectConnection.java:128)
	at org.gradle.internal.remote.internal.hub.MessageHub$Handler.run(MessageHub.java:404)
	at org.gradle.internal.concurrent.ExecutorPolicy$CatchAndRecordFailures.onExecute(ExecutorPolicy.java:63)
	at org.gradle.internal.concurrent.StoppableExecutorImpl$1.run(StoppableExecutorImpl.java:46)
	at java.util.concurrent.ThreadPoolExecutor.runWorker(ThreadPoolExecutor.java:1149)
	at java.util.concurrent.ThreadPoolExecutor$Worker.run(ThreadPoolExecutor.java:624)
	at org.gradle.internal.concurrent.ThreadFactoryImpl$ManagedThreadRunnable.run(ThreadFactoryImpl.java:55)
	at java.lang.Thread.run(Thread.java:748)
</failure>
  </testcase>
  <system-out><![CDATA[]]></system-out>
  <system-err><![CDATA[]]></system-err>
</testsuite>
